# JRE version: OpenJDK Runtime Environment (8.0_152-b06) (build 1.8.0_152-release-1136-b06)
# Java VM: OpenJDK 64-Bit Server VM (25.152-b06 mixed mode windows-amd64 compressed oops)
Heap:
 PSYoungGen      total 135168K, used 15050K [0x00000000eab00000, 0x00000000f6300000, 0x0000000100000000)
  eden space 122368K, 1% used [0x00000000eab00000,0x00000000ead35920,0x00000000f2280000)
  from space 12800K, 99% used [0x00000000f2280000,0x00000000f2efcfb0,0x00000000f2f00000)
  to   space 16384K, 0% used [0x00000000f5300000,0x00000000f5300000,0x00000000f6300000)
 ParOldGen       total 62464K, used 22959K [0x00000000c0000000, 0x00000000c3d00000, 0x00000000eab00000)
  object space 62464K, 36% used [0x00000000c0000000,0x00000000c166bcc8,0x00000000c3d00000)
 Metaspace       used 46873K, capacity 47850K, committed 48168K, reserved 1091584K
  class space    used 6288K, capacity 6601K, committed 6704K, reserved 1048576K
GC Heap History (10 events):
Event: 7.363 GC heap before
{Heap before GC invocations=8 (full 1):
 PSYoungGen      total 72192K, used 7483K [0x00000000eab00000, 0x00000000f3a00000, 0x0000000100000000)
  eden space 64512K, 0% used [0x00000000eab00000,0x00000000eab00000,0x00000000eea00000)
  from space 7680K, 97% used [0x00000000eea00000,0x00000000ef14ed18,0x00000000ef180000)
  to   space 8704K, 0% used [0x00000000f3180000,0x00000000f3180000,0x00000000f3a00000)
 ParOldGen       total 44032K, used 7442K [0x00000000c0000000, 0x00000000c2b00000, 0x00000000eab00000)
  object space 44032K, 16% used [0x00000000c0000000,0x00000000c0744b98,0x00000000c2b00000)
 Metaspace       used 20783K, capacity 21220K, committed 21296K, reserved 1067008K
  class space    used 2906K, capacity 3083K, committed 3120K, reserved 1048576K
Event: 7.483 GC heap after
Heap after GC invocations=8 (full 1):
 PSYoungGen      total 72192K, used 0K [0x00000000eab00000, 0x00000000f3a00000, 0x0000000100000000)
  eden space 64512K, 0% used [0x00000000eab00000,0x00000000eab00000,0x00000000eea00000)
  from space 7680K, 0% used [0x00000000eea00000,0x00000000eea00000,0x00000000ef180000)
  to   space 8704K, 0% used [0x00000000f3180000,0x00000000f3180000,0x00000000f3a00000)
 ParOldGen       total 39424K, used 9792K [0x00000000c0000000, 0x00000000c2680000, 0x00000000eab00000)
  object space 39424K, 24% used [0x00000000c0000000,0x00000000c0990288,0x00000000c2680000)
 Metaspace       used 20783K, capacity 21220K, committed 21296K, reserved 1067008K
  class space    used 2906K, capacity 3083K, committed 3120K, reserved 1048576K
}
Event: 8.961 GC heap before
{Heap before GC invocations=9 (full 1):
 PSYoungGen      total 72192K, used 64512K [0x00000000eab00000, 0x00000000f3a00000, 0x0000000100000000)
  eden space 64512K, 100% used [0x00000000eab00000,0x00000000eea00000,0x00000000eea00000)
  from space 7680K, 0% used [0x00000000eea00000,0x00000000eea00000,0x00000000ef180000)
  to   space 8704K, 0% used [0x00000000f3180000,0x00000000f3180000,0x00000000f3a00000)
 ParOldGen       total 39424K, used 9792K [0x00000000c0000000, 0x00000000c2680000, 0x00000000eab00000)
  object space 39424K, 24% used [0x00000000c0000000,0x00000000c0990288,0x00000000c2680000)
 Metaspace       used 26520K, capacity 26990K, committed 27312K, reserved 1073152K
  class space    used 3715K, capacity 3894K, committed 4016K, reserved 1048576K
Event: 8.996 GC heap after
Heap after GC invocations=9 (full 1):
 PSYoungGen      total 101888K, used 6369K [0x00000000eab00000, 0x00000000f3800000, 0x0000000100000000)
  eden space 95232K, 0% used [0x00000000eab00000,0x00000000eab00000,0x00000000f0800000)
  from space 6656K, 95% used [0x00000000f3180000,0x00000000f37b85d0,0x00000000f3800000)
  to   space 9216K, 0% used [0x00000000f2600000,0x00000000f2600000,0x00000000f2f00000)
 ParOldGen       total 39424K, used 9800K [0x00000000c0000000, 0x00000000c2680000, 0x00000000eab00000)
  object space 39424K, 24% used [0x00000000c0000000,0x00000000c0992288,0x00000000c2680000)
 Metaspace       used 26520K, capacity 26990K, committed 27312K, reserved 1073152K
  class space    used 3715K, capacity 3894K, committed 4016K, reserved 1048576K
}
Event: 12.316 GC heap before
{Heap before GC invocations=10 (full 1):
 PSYoungGen      total 101888K, used 101601K [0x00000000eab00000, 0x00000000f3800000, 0x0000000100000000)
  eden space 95232K, 100% used [0x00000000eab00000,0x00000000f0800000,0x00000000f0800000)
  from space 6656K, 95% used [0x00000000f3180000,0x00000000f37b85d0,0x00000000f3800000)
  to   space 9216K, 0% used [0x00000000f2600000,0x00000000f2600000,0x00000000f2f00000)
 ParOldGen       total 39424K, used 9800K [0x00000000c0000000, 0x00000000c2680000, 0x00000000eab00000)
  object space 39424K, 24% used [0x00000000c0000000,0x00000000c0992288,0x00000000c2680000)
 Metaspace       used 31953K, capacity 32570K, committed 32688K, reserved 1077248K
  class space    used 4473K, capacity 4722K, committed 4784K, reserved 1048576K
Event: 12.351 GC heap after
Heap after GC invocations=10 (full 1):
 PSYoungGen      total 131072K, used 9200K [0x00000000eab00000, 0x00000000f3800000, 0x0000000100000000)
  eden space 121856K, 0% used [0x00000000eab00000,0x00000000eab00000,0x00000000f2200000)
  from space 9216K, 99% used [0x00000000f2600000,0x00000000f2efc3a8,0x00000000f2f00000)
  to   space 9216K, 0% used [0x00000000f2f00000,0x00000000f2f00000,0x00000000f3800000)
 ParOldGen       total 39424K, used 12529K [0x00000000c0000000, 0x00000000c2680000, 0x00000000eab00000)
  object space 39424K, 31% used [0x00000000c0000000,0x00000000c0c3c550,0x00000000c2680000)
 Metaspace       used 31953K, capacity 32570K, committed 32688K, reserved 1077248K
  class space    used 4473K, capacity 4722K, committed 4784K, reserved 1048576K
}
Event: 14.636 GC heap before
{Heap before GC invocations=11 (full 1):
 PSYoungGen      total 131072K, used 35971K [0x00000000eab00000, 0x00000000f3800000, 0x0000000100000000)
  eden space 121856K, 21% used [0x00000000eab00000,0x00000000ec524ab8,0x00000000f2200000)
  from space 9216K, 99% used [0x00000000f2600000,0x00000000f2efc3a8,0x00000000f2f00000)
  to   space 9216K, 0% used [0x00000000f2f00000,0x00000000f2f00000,0x00000000f3800000)
 ParOldGen       total 39424K, used 12529K [0x00000000c0000000, 0x00000000c2680000, 0x00000000eab00000)
  object space 39424K, 31% used [0x00000000c0000000,0x00000000c0c3c550,0x00000000c2680000)
 Metaspace       used 34755K, capacity 35372K, committed 35496K, reserved 1079296K
  class space    used 4781K, capacity 5013K, committed 5040K, reserved 1048576K
Event: 14.649 GC heap after
Heap after GC invocations=11 (full 1):
 PSYoungGen      total 131584K, used 9208K [0x00000000eab00000, 0x00000000f5900000, 0x0000000100000000)
  eden space 122368K, 0% used [0x00000000eab00000,0x00000000eab00000,0x00000000f2280000)
  from space 9216K, 99% used [0x00000000f2f00000,0x00000000f37fe0e0,0x00000000f3800000)
  to   space 12800K, 0% used [0x00000000f2280000,0x00000000f2280000,0x00000000f2f00000)
 ParOldGen       total 39424K, used 14735K [0x00000000c0000000, 0x00000000c2680000, 0x00000000eab00000)
  object space 39424K, 37% used [0x00000000c0000000,0x00000000c0e63c78,0x00000000c2680000)
 Metaspace       used 34755K, capacity 35372K, committed 35496K, reserved 1079296K
  class space    used 4781K, capacity 5013K, committed 5040K, reserved 1048576K
}
Event: 14.649 GC heap before
{Heap before GC invocations=12 (full 2):
 PSYoungGen      total 131584K, used 9208K [0x00000000eab00000, 0x00000000f5900000, 0x0000000100000000)
  eden space 122368K, 0% used [0x00000000eab00000,0x00000000eab00000,0x00000000f2280000)
  from space 9216K, 99% used [0x00000000f2f00000,0x00000000f37fe0e0,0x00000000f3800000)
  to   space 12800K, 0% used [0x00000000f2280000,0x00000000f2280000,0x00000000f2f00000)
 ParOldGen       total 39424K, used 14735K [0x00000000c0000000, 0x00000000c2680000, 0x00000000eab00000)
  object space 39424K, 37% used [0x00000000c0000000,0x00000000c0e63c78,0x00000000c2680000)
 Metaspace       used 34755K, capacity 35372K, committed 35496K, reserved 1079296K
  class space    used 4781K, capacity 5013K, committed 5040K, reserved 1048576K
Event: 14.714 GC heap after
Heap after GC invocations=12 (full 2):
 PSYoungGen      total 131584K, used 0K [0x00000000eab00000, 0x00000000f5900000, 0x0000000100000000)
  eden space 122368K, 0% used [0x00000000eab00000,0x00000000eab00000,0x00000000f2280000)
  from space 9216K, 0% used [0x00000000f2f00000,0x00000000f2f00000,0x00000000f3800000)
  to   space 12800K, 0% used [0x00000000f2280000,0x00000000f2280000,0x00000000f2f00000)
 ParOldGen       total 62464K, used 18393K [0x00000000c0000000, 0x00000000c3d00000, 0x00000000eab00000)
  object space 62464K, 29% used [0x00000000c0000000,0x00000000c11f64d0,0x00000000c3d00000)
 Metaspace       used 34755K, capacity 35372K, committed 35496K, reserved 1079296K
  class space    used 4781K, capacity 5013K, committed 5040K, reserved 1048576K
}

